<?xml version="1.0" encoding="UTF-8" ?>
<testsuite tests="7" failures="0" name="MyRunner.TestRunner" time="0.008" errors="0" skipped="0">
  <properties>
[...]
</properties>
  <testcase classname="Scenario: Free CRM Login Test Scenario" name="Given user is already on Login Page" time="0.008"/>
  <testcase classname="Scenario: Free CRM Login Test Scenario" name="When title of login page is Free CRM" time="0"/>
  <testcase classname="Scenario: Free CRM Login Test Scenario" name="Then user enters username and password" time="0"/>
  <testcase classname="Scenario: Free CRM Login Test Scenario" name="Then user clicks on login button" time="0"/>
  <testcase classname="Scenario: Free CRM Login Test Scenario" name="Then user is on home page" time="0"/>
  <testcase classname="Scenario: Free CRM Login Test Scenario" name="Then Close the browser" time="0"/>
  <testcase classname="Scenario: Free CRM Login Test Scenario" name="Scenario: Free CRM Login Test Scenario" time="0"/>
</testsuite>